
        # VERSION:  MuPeXI 1.2.0
        # CALL:     /tools/src/MuPeXI-1.1/MuPeXI/MuPeXI.py -c /tools/src/MuPeXI-1.1/config.ini -w -M -v /var/www/webface/tmp/server/MuPeXI-1.1/69876AA200249F5E10C9A642/file.0 -a HLA-A02:01,HLA-A24:02
        # DATE:     Saturday 07 of February 2026
        # TIME:     17:40:06
        # PWD:      /net/urban/var/www/webface/tmp/server/MuPeXI-1.1/69876AA200249F5E10C9A642

        ----------------------------------------------------------------------------------------------------------
                                                        MuPeX
        ----------------------------------------------------------------------------------------------------------

          Reading protein reference file:            Found 102915 sequences, with 11278521 [9]mers
                                                           of which 11278521 were unique peptides
          Reading VEP file:                          Found 1232 irrelevant mutation consequences which were discarded
                                                     Found 386 missense variant mutation(s) 
                                                           0 insertion(s)
                                                           0 deletion(s)
                                                           0 frameshift variant mutation(s)
                                                     In 133 genes and 368 transcripts
          Checking peptides:                         41 peptides matched a normal peptide. 
                                                     1 peptides included unsupported symbols (e.g. *, X, U) and were discarded 
          Final Result:                              3457 potential mutant peptides
          MuPeX Runtime:                             0:00:09.031068

        ----------------------------------------------------------------------------------------------------------
                                                        MuPeI
        ----------------------------------------------------------------------------------------------------------

          Reading through MuPex file:                Found 3457 peptides of which 1251 were unique
          Detecting HLA alleles:                     Detected the following 2 HLA alleles:
                                                        HLA-A02:01,HLA-A24:02
                                                        of which 2 were unique
          Running NetMHCpan 4.0:                     Analyzed 2 HLA allele(s)
                                                     NetMHCpan runtime: 0:00:09.416383
          MuPeI Runtime:                             0:00:37.814760
          TOTAL Runtime:                             0:01:05.688985
          