
        # VERSION:  MuPeXI 1.2.0
        # CALL:     /tools/src/MuPeXI-1.1/MuPeXI/MuPeXI.py -c /tools/src/MuPeXI-1.1/config.ini -w -M -v /var/www/webface/tmp/server/MuPeXI-1.1/698636A300222E0102BAB28D/file.0 -a HLA-A02:01,HLA-A24:02
        # DATE:     Friday 06 of February 2026
        # TIME:     19:50:12
        # PWD:      /net/urban/var/www/webface/tmp/server/MuPeXI-1.1/698636A300222E0102BAB28D

        ----------------------------------------------------------------------------------------------------------
                                                        MuPeX
        ----------------------------------------------------------------------------------------------------------

          Reading protein reference file:            Found 102915 sequences, with 11278521 [9]mers
                                                           of which 11278521 were unique peptides
          Reading VEP file:                          Found 6316 irrelevant mutation consequences which were discarded
                                                     Found 2131 missense variant mutation(s) 
                                                           0 insertion(s)
                                                           0 deletion(s)
                                                           17 frameshift variant mutation(s)
                                                     In 637 genes and 2018 transcripts
          Checking peptides:                         144 peptides matched a normal peptide. 
                                                     3 peptides included unsupported symbols (e.g. *, X, U) and were discarded 
          Final Result:                              19370 potential mutant peptides
          MuPeX Runtime:                             0:00:49.353000

        ----------------------------------------------------------------------------------------------------------
                                                        MuPeI
        ----------------------------------------------------------------------------------------------------------

          Reading through MuPex file:                Found 19370 peptides of which 6393 were unique
          Detecting HLA alleles:                     Detected the following 2 HLA alleles:
                                                        HLA-A02:01,HLA-A24:02
                                                        of which 2 were unique
          Running NetMHCpan 4.0:                     Analyzed 2 HLA allele(s)
                                                     NetMHCpan runtime: 0:00:41.654487
          MuPeI Runtime:                             0:03:41.856020
          TOTAL Runtime:                             0:05:19.102253
          